<html>
<head>
<title>TestNG:  EdgeTest</title>
<link href="../testng.css" rel="stylesheet" type="text/css" />
<link href="../my-testng.css" rel="stylesheet" type="text/css" />

<style type="text/css">
.log { display: none;} 
.stack-trace { display: none;} 
</style>
<script type="text/javascript">
<!--
function flip(e) {
  current = e.style.display;
  if (current == 'block') {
    e.style.display = 'none';
    return 0;
  }
  else {
    e.style.display = 'block';
    return 1;
  }
}

function toggleBox(szDivId, elem, msg1, msg2)
{
  var res = -1;  if (document.getElementById) {
    res = flip(document.getElementById(szDivId));
  }
  else if (document.all) {
    // this is the way old msie versions work
    res = flip(document.all[szDivId]);
  }
  if(elem) {
    if(res == 0) elem.innerHTML = msg1; else elem.innerHTML = msg2;
  }

}

function toggleAllBoxes() {
  if (document.getElementsByTagName) {
    d = document.getElementsByTagName('div');
    for (i = 0; i < d.length; i++) {
      if (d[i].className == 'log') {
        flip(d[i]);
      }
    }
  }
}

// -->
</script>

</head>
<body>
<h2 align='center'>EdgeTest</h2><table border='1' align="center">
<tr>
<td>Tests passed/Failed/Skipped:</td><td>15/1/0</td>
</tr><tr>
<td>Started on:</td><td>Wed Feb 28 09:32:48 IST 2024</td>
</tr>
<tr><td>Total time:</td><td>148 seconds (148915 ms)</td>
</tr><tr>
<td>Included groups:</td><td></td>
</tr><tr>
<td>Excluded groups:</td><td></td>
</tr>
</table><p/>
<small><i>(Hover the method name to see the test class name)</i></small><p/>
<table width='100%' border='1' class='invocation-failed'>
<tr><td colspan='4' align='center'><b>FAILED TESTS</b></td></tr>
<tr><td><b>Test method</b></td>
<td><b>Attribute(s)</b></td>
<td width="30%"><b>Exception</b></td>
<td width="10%"><b>Time (seconds)</b></td>
<td><b>Instance</b></td>
</tr>
<tr>
<td title='TestCases.TC003_ForEnterprise.SubmitButton()'><b>SubmitButton</b><br>Test class: TestCases.TC003_ForEnterprise</td>
<td><div><pre>org.openqa.selenium.ElementClickInterceptedException: element click intercepted: Element &lt;button type=&quot;submit&quot; class=&quot;mktoButton&quot;&gt;...&lt;/button&gt; is not clickable at point (912, 527). Other element would receive the click: &lt;iframe class=&quot;drift-frame-controller&quot; scrolling=&quot;no&quot; title=&quot;Drift Widget Chat Controller&quot; allow=&quot;autoplay; encrypted-media; fullscreen;&quot; frameborder=&quot;0&quot; src=&quot;https://js.driftt.com/core?d=1&amp;amp;embedId=mpta5ez37rme&amp;amp;eId=mpta5ez37rme&amp;amp;region=US&amp;amp;forceShow=false&amp;amp;skipCampaigns=false&amp;amp;sessionId=e5c294f8-90dd-430d-a15b-abc88b4a54ac&amp;amp;sessionStarted=1709093066.68&amp;amp;campaignRefreshToken=64e1effa-741d-4876-b70e-c257069cc7f5&amp;amp;hideController=false&amp;amp;pageLoadStartTime=1709093072408&amp;amp;mode=CHAT&amp;amp;driftEnableLog=false&amp;amp;secureIframe=false&amp;amp;u=https%3A%2F%2Fwww.coursera.org%2Fcampus%3Futm_campaign%3Dwebsite%26utm_content%3Dcorp-to-home-footer-for-enterprise%26utm_medium%3Dcoursera%26utm_source%3Denterprise&quot; style=&quot;background: transparent; width: 360px; max-width: 100%; height: 100px; border: none;&quot;&gt;&lt;/iframe&gt;
  (Session info: MicrosoftEdge=122.0.2365.52)
Build info: version: &apos;4.17.0&apos;, revision: &apos;e52b1be057*&apos;
System info: os.name: &apos;Windows 11&apos;, os.arch: &apos;amd64&apos;, os.version: &apos;10.0&apos;, java.version: &apos;17.0.2&apos;
Driver info: org.openqa.selenium.edge.EdgeDriver
Command: [6a284c218e3902d804bf12ce787a6c45, clickElement {id=f.7A2928EEA5364D1B5395C175A5802E51.d.2EDE7A3A427FCADA9BEF4BB07809F8CC.e.479}]
Capabilities {acceptInsecureCerts: false, browserName: MicrosoftEdge, browserVersion: 122.0.2365.52, fedcm:accounts: true, ms:edgeOptions: {debuggerAddress: localhost:50916}, msedge: {msedgedriverVersion: 122.0.2365.52 (dcf246d1e496..., userDataDir: C:\WINDOWS\SystemTemp\scope...}, networkConnectionEnabled: false, pageLoadStrategy: normal, platformName: windows, proxy: Proxy(), se:cdp: ws://localhost:50916/devtoo..., se:cdpVersion: 122.0.2365.52, setWindowRect: true, strictFileInteractability: false, timeouts: {implicit: 0, pageLoad: 300000, script: 30000}, unhandledPromptBehavior: dismiss and notify, webauthn:extension:credBlob: true, webauthn:extension:largeBlob: true, webauthn:extension:minPinLength: true, webauthn:extension:prf: true, webauthn:virtualAuthenticators: true}
Element: [[EdgeDriver: MicrosoftEdge on windows (6a284c218e3902d804bf12ce787a6c45)] -&gt; xpath: //button[text()=&apos;Submit&apos;]]
Session ID: 6a284c218e3902d804bf12ce787a6c45
	at org.openqa.selenium.remote.codec.w3c.W3CHttpResponseCodec.createException(W3CHttpResponseCodec.java:185)
	at org.openqa.selenium.remote.codec.w3c.W3CHttpResponseCodec.decode(W3CHttpResponseCodec.java:134)
	at org.openqa.selenium.remote.codec.w3c.W3CHttpResponseCodec.decode(W3CHttpResponseCodec.java:51)
	at org.openqa.selenium.remote.HttpCommandExecutor.execute(HttpCommandExecutor.java:190)
	at org.openqa.selenium.remote.service.DriverCommandExecutor.invokeExecute(DriverCommandExecutor.java:216)
	at org.openqa.selenium.remote.service.DriverCommandExecutor.execute(DriverCommandExecutor.java:174)
	at org.openqa.selenium.remote.RemoteWebDriver.execute(RemoteWebDriver.java:519)
	at org.openqa.selenium.remote.RemoteWebElement.execute(RemoteWebElement.java:223)
	at org.openqa.selenium.remote.RemoteWebElement.click(RemoteWebElement.java:76)
	at org.openqa.selenium.support.pagefactory.internal.LocatingElementHandler.invoke(LocatingElementHandler.java:51)
	at jdk.proxy2/jdk.proxy2.$Proxy49.click(Unknown Source)
	at PageObjects.ForEnterprise.submitButton(ForEnterprise.java:212)
	at TestCases.TC003_ForEnterprise.SubmitButton(TC003_ForEnterprise.java:76)
	at java.base/java.util.ArrayList.forEach(ArrayList.java:1511)
... Removed 35 stack frames</pre></div><a href='#' onClick='toggleBox("stack-trace1095941391", this, "Click to show all stack frames", "Click to hide stack frames")'>Click to show all stack frames</a>
<div class='stack-trace' id='stack-trace1095941391'><pre>org.openqa.selenium.ElementClickInterceptedException: element click intercepted: Element &lt;button type=&quot;submit&quot; class=&quot;mktoButton&quot;&gt;...&lt;/button&gt; is not clickable at point (912, 527). Other element would receive the click: &lt;iframe class=&quot;drift-frame-controller&quot; scrolling=&quot;no&quot; title=&quot;Drift Widget Chat Controller&quot; allow=&quot;autoplay; encrypted-media; fullscreen;&quot; frameborder=&quot;0&quot; src=&quot;https://js.driftt.com/core?d=1&amp;amp;embedId=mpta5ez37rme&amp;amp;eId=mpta5ez37rme&amp;amp;region=US&amp;amp;forceShow=false&amp;amp;skipCampaigns=false&amp;amp;sessionId=e5c294f8-90dd-430d-a15b-abc88b4a54ac&amp;amp;sessionStarted=1709093066.68&amp;amp;campaignRefreshToken=64e1effa-741d-4876-b70e-c257069cc7f5&amp;amp;hideController=false&amp;amp;pageLoadStartTime=1709093072408&amp;amp;mode=CHAT&amp;amp;driftEnableLog=false&amp;amp;secureIframe=false&amp;amp;u=https%3A%2F%2Fwww.coursera.org%2Fcampus%3Futm_campaign%3Dwebsite%26utm_content%3Dcorp-to-home-footer-for-enterprise%26utm_medium%3Dcoursera%26utm_source%3Denterprise&quot; style=&quot;background: transparent; width: 360px; max-width: 100%; height: 100px; border: none;&quot;&gt;&lt;/iframe&gt;
  (Session info: MicrosoftEdge=122.0.2365.52)
Build info: version: &apos;4.17.0&apos;, revision: &apos;e52b1be057*&apos;
System info: os.name: &apos;Windows 11&apos;, os.arch: &apos;amd64&apos;, os.version: &apos;10.0&apos;, java.version: &apos;17.0.2&apos;
Driver info: org.openqa.selenium.edge.EdgeDriver
Command: [6a284c218e3902d804bf12ce787a6c45, clickElement {id=f.7A2928EEA5364D1B5395C175A5802E51.d.2EDE7A3A427FCADA9BEF4BB07809F8CC.e.479}]
Capabilities {acceptInsecureCerts: false, browserName: MicrosoftEdge, browserVersion: 122.0.2365.52, fedcm:accounts: true, ms:edgeOptions: {debuggerAddress: localhost:50916}, msedge: {msedgedriverVersion: 122.0.2365.52 (dcf246d1e496..., userDataDir: C:\WINDOWS\SystemTemp\scope...}, networkConnectionEnabled: false, pageLoadStrategy: normal, platformName: windows, proxy: Proxy(), se:cdp: ws://localhost:50916/devtoo..., se:cdpVersion: 122.0.2365.52, setWindowRect: true, strictFileInteractability: false, timeouts: {implicit: 0, pageLoad: 300000, script: 30000}, unhandledPromptBehavior: dismiss and notify, webauthn:extension:credBlob: true, webauthn:extension:largeBlob: true, webauthn:extension:minPinLength: true, webauthn:extension:prf: true, webauthn:virtualAuthenticators: true}
Element: [[EdgeDriver: MicrosoftEdge on windows (6a284c218e3902d804bf12ce787a6c45)] -&gt; xpath: //button[text()=&apos;Submit&apos;]]
Session ID: 6a284c218e3902d804bf12ce787a6c45
	at java.base/jdk.internal.reflect.NativeConstructorAccessorImpl.newInstance0(Native Method)
	at java.base/jdk.internal.reflect.NativeConstructorAccessorImpl.newInstance(NativeConstructorAccessorImpl.java:77)
	at java.base/jdk.internal.reflect.DelegatingConstructorAccessorImpl.newInstance(DelegatingConstructorAccessorImpl.java:45)
	at java.base/java.lang.reflect.Constructor.newInstanceWithCaller(Constructor.java:499)
	at java.base/java.lang.reflect.Constructor.newInstance(Constructor.java:480)
	at org.openqa.selenium.remote.codec.w3c.W3CHttpResponseCodec.createException(W3CHttpResponseCodec.java:185)
	at org.openqa.selenium.remote.codec.w3c.W3CHttpResponseCodec.decode(W3CHttpResponseCodec.java:134)
	at org.openqa.selenium.remote.codec.w3c.W3CHttpResponseCodec.decode(W3CHttpResponseCodec.java:51)
	at org.openqa.selenium.remote.HttpCommandExecutor.execute(HttpCommandExecutor.java:190)
	at org.openqa.selenium.remote.service.DriverCommandExecutor.invokeExecute(DriverCommandExecutor.java:216)
	at org.openqa.selenium.remote.service.DriverCommandExecutor.execute(DriverCommandExecutor.java:174)
	at org.openqa.selenium.remote.RemoteWebDriver.execute(RemoteWebDriver.java:519)
	at org.openqa.selenium.remote.RemoteWebElement.execute(RemoteWebElement.java:223)
	at org.openqa.selenium.remote.RemoteWebElement.click(RemoteWebElement.java:76)
	at jdk.internal.reflect.GeneratedMethodAccessor34.invoke(Unknown Source)
	at java.base/jdk.internal.reflect.DelegatingMethodAccessorImpl.invoke(DelegatingMethodAccessorImpl.java:43)
	at java.base/java.lang.reflect.Method.invoke(Method.java:568)
	at org.openqa.selenium.support.pagefactory.internal.LocatingElementHandler.invoke(LocatingElementHandler.java:51)
	at jdk.proxy2/jdk.proxy2.$Proxy49.click(Unknown Source)
	at PageObjects.ForEnterprise.submitButton(ForEnterprise.java:212)
	at TestCases.TC003_ForEnterprise.SubmitButton(TC003_ForEnterprise.java:76)
	at java.base/jdk.internal.reflect.NativeMethodAccessorImpl.invoke0(Native Method)
	at java.base/jdk.internal.reflect.NativeMethodAccessorImpl.invoke(NativeMethodAccessorImpl.java:77)
	at java.base/jdk.internal.reflect.DelegatingMethodAccessorImpl.invoke(DelegatingMethodAccessorImpl.java:43)
	at java.base/java.lang.reflect.Method.invoke(Method.java:568)
	at org.testng.internal.invokers.MethodInvocationHelper.invokeMethod(MethodInvocationHelper.java:139)
	at org.testng.internal.invokers.TestInvoker.invokeMethod(TestInvoker.java:664)
	at org.testng.internal.invokers.TestInvoker.invokeTestMethod(TestInvoker.java:228)
	at org.testng.internal.invokers.MethodRunner.runInSequence(MethodRunner.java:63)
	at org.testng.internal.invokers.TestInvoker$MethodInvocationAgent.invoke(TestInvoker.java:961)
	at org.testng.internal.invokers.TestInvoker.invokeTestMethods(TestInvoker.java:201)
	at org.testng.internal.invokers.TestMethodWorker.invokeTestMethods(TestMethodWorker.java:148)
	at org.testng.internal.invokers.TestMethodWorker.run(TestMethodWorker.java:128)
	at java.base/java.util.ArrayList.forEach(ArrayList.java:1511)
	at org.testng.TestRunner.privateRun(TestRunner.java:819)
	at org.testng.TestRunner.run(TestRunner.java:619)
	at org.testng.SuiteRunner.runTest(SuiteRunner.java:443)
	at org.testng.SuiteRunner.runSequentially(SuiteRunner.java:437)
	at org.testng.SuiteRunner.privateRun(SuiteRunner.java:397)
	at org.testng.SuiteRunner.run(SuiteRunner.java:336)
	at org.testng.SuiteRunnerWorker.runSuite(SuiteRunnerWorker.java:52)
	at org.testng.SuiteRunnerWorker.run(SuiteRunnerWorker.java:95)
	at org.testng.TestNG.runSuitesSequentially(TestNG.java:1301)
	at org.testng.TestNG.runSuitesLocally(TestNG.java:1228)
	at org.testng.TestNG.runSuites(TestNG.java:1134)
	at org.testng.TestNG.run(TestNG.java:1101)
	at org.testng.remote.AbstractRemoteTestNG.run(AbstractRemoteTestNG.java:115)
	at org.testng.remote.RemoteTestNG.initAndRun(RemoteTestNG.java:251)
	at org.testng.remote.RemoteTestNG.main(RemoteTestNG.java:77)
</pre></div></td>
<td>1</td>
<td>TestCases.TC003_ForEnterprise@1ebd319f</td></tr>
</table><p>
<table width='100%' border='1' class='invocation-passed'>
<tr><td colspan='4' align='center'><b>PASSED TESTS</b></td></tr>
<tr><td><b>Test method</b></td>
<td><b>Attribute(s)</b></td>
<td width="30%"><b>Exception</b></td>
<td width="10%"><b>Time (seconds)</b></td>
<td><b>Instance</b></td>
</tr>
<tr>
<td title='TestCases.TC002_LanguageLearning.NewInputSearch()'><b>NewInputSearch</b><br>Test class: TestCases.TC002_LanguageLearning</td>
<td></td>
<td>1</td>
<td>TestCases.TC002_LanguageLearning@7b02881e</td></tr>
<tr>
<td title='TestCases.TC001_IdentifyCourses.InputSearch()'><b>InputSearch</b><br>Test class: TestCases.TC001_IdentifyCourses</td>
<td></td>
<td>7</td>
<td>TestCases.TC001_IdentifyCourses@5f8edcc5</td></tr>
<tr>
<td title='TestCases.TC003_ForEnterprise.FillingForm()'><b>FillingForm</b><br>Test class: TestCases.TC003_ForEnterprise</td>
<td></td>
<td>7</td>
<td>TestCases.TC003_ForEnterprise@1ebd319f</td></tr>
<tr>
<td title='TestCases.TC003_ForEnterprise.ErrorMessage()'><b>ErrorMessage</b><br>Test class: TestCases.TC003_ForEnterprise</td>
<td></td>
<td>26</td>
<td>TestCases.TC003_ForEnterprise@1ebd319f</td></tr>
<tr>
<td title='TestCases.TC002_LanguageLearning.PrintLevel()'><b>PrintLevel</b><br>Test class: TestCases.TC002_LanguageLearning</td>
<td></td>
<td>0</td>
<td>TestCases.TC002_LanguageLearning@7b02881e</td></tr>
<tr>
<td title='TestCases.TC003_ForEnterprise.ClickEnterprise()'><b>ClickEnterprise</b><br>Test class: TestCases.TC003_ForEnterprise</td>
<td></td>
<td>12</td>
<td>TestCases.TC003_ForEnterprise@1ebd319f</td></tr>
<tr>
<td title='TestCases.TC001_IdentifyCourses.PrintCourses1()'><b>PrintCourses1</b><br>Test class: TestCases.TC001_IdentifyCourses</td>
<td></td>
<td>9</td>
<td>TestCases.TC001_IdentifyCourses@5f8edcc5</td></tr>
<tr>
<td title='TestCases.TC003_ForEnterprise.BackToHomePage()'><b>BackToHomePage</b><br>Test class: TestCases.TC003_ForEnterprise</td>
<td></td>
<td>8</td>
<td>TestCases.TC003_ForEnterprise@1ebd319f</td></tr>
<tr>
<td title='TestCases.TC001_IdentifyCourses.Selection()'><b>Selection</b><br>Test class: TestCases.TC001_IdentifyCourses</td>
<td></td>
<td>5</td>
<td>TestCases.TC001_IdentifyCourses@5f8edcc5</td></tr>
<tr>
<td title='TestCases.TC002_LanguageLearning.CloseButton()'><b>CloseButton</b><br>Test class: TestCases.TC002_LanguageLearning</td>
<td></td>
<td>2</td>
<td>TestCases.TC002_LanguageLearning@7b02881e</td></tr>
<tr>
<td title='TestCases.TC003_ForEnterprise.ClickCampus()'><b>ClickCampus</b><br>Test class: TestCases.TC003_ForEnterprise</td>
<td></td>
<td>7</td>
<td>TestCases.TC003_ForEnterprise@1ebd319f</td></tr>
<tr>
<td title='TestCases.TC003_ForEnterprise.ClickSolutions()'><b>ClickSolutions</b><br>Test class: TestCases.TC003_ForEnterprise</td>
<td></td>
<td>0</td>
<td>TestCases.TC003_ForEnterprise@1ebd319f</td></tr>
<tr>
<td title='TestCases.TC001_IdentifyCourses.PrintCourses2()'><b>PrintCourses2</b><br>Test class: TestCases.TC001_IdentifyCourses</td>
<td></td>
<td>14</td>
<td>TestCases.TC001_IdentifyCourses@5f8edcc5</td></tr>
<tr>
<td title='TestCases.TC002_LanguageLearning.ClearInput()'><b>ClearInput</b><br>Test class: TestCases.TC002_LanguageLearning</td>
<td></td>
<td>0</td>
<td>TestCases.TC002_LanguageLearning@7b02881e</td></tr>
<tr>
<td title='TestCases.TC002_LanguageLearning.PrintLanguages()'><b>PrintLanguages</b><br>Test class: TestCases.TC002_LanguageLearning</td>
<td></td>
<td>10</td>
<td>TestCases.TC002_LanguageLearning@7b02881e</td></tr>
</table><p>
</body>
</html>